*****************************************************************************************************************************************************************************************************************************************************************************************************************
                                               OUTPUT RESULTS - COMPLEMENTARY_ANALYZES
*****************************************************************************************************************************************************************************************************************************************************************************************************************
 
 
 
                                NON-CARCINOGENIC RISK PERCENTAGE (%) ASSOCIATED WITH EACH CHEMICAL SPECIES
_________________________________________________________________________________________________________________________________________________________________________________________________________________________________________________________________________________________________________________
    LOCAL    AGE RANGE(y)    Th          Pb        
_________________________________________________________________________________________________________________________________________________________________________________________________________________________________________________________________________________________________________________
      1
               1 to <2         .00      100.00
               2 to <3         .00      100.00
               3 to <6         .00      100.00
               6 to <11        .00      100.00
              11 to <16        .00      100.00
              16 to <18        .00      100.00
              18 to <21        .00      100.00
              21 to <65        .00      100.00
              65 to  66        .00      100.00
      2
               1 to <2         .00      100.00
               2 to <3         .00      100.00
               3 to <6         .00      100.00
               6 to <11        .00      100.00
              11 to <16        .00      100.00
              16 to <18        .00      100.00
              18 to <21        .00      100.00
              21 to <65        .00      100.00
              65 to  66        .00      100.00
_________________________________________________________________________________________________________________________________________________________________________________________________________________________________________________________________________________________________________________
 
 
                                  CARCINOGENIC RISK PERCENTAGE (%) ASSOCIATED WITH EACH CHEMICAL SPECIES
_________________________________________________________________________________________________________________________________________________________________________________________________________________________________________________________________________________________________________________
    LOCAL    AGE RANGE(y)    Th          Pb        
_________________________________________________________________________________________________________________________________________________________________________________________________________________________________________________________________________________________________________________
      1
               1 to <2         .00      100.00
               2 to <3         .00      100.00
               3 to <6         .00      100.00
               6 to <11        .00      100.00
              11 to <16        .00      100.00
              16 to <18        .00      100.00
              18 to <21        .00      100.00
              21 to <65        .00      100.00
              65 to  66        .00      100.00
      2
               1 to <2         .00      100.00
               2 to <3         .00      100.00
               3 to <6         .00      100.00
               6 to <11        .00      100.00
              11 to <16        .00      100.00
              16 to <18        .00      100.00
              18 to <21        .00      100.00
              21 to <65        .00      100.00
              65 to  66        .00      100.00
_________________________________________________________________________________________________________________________________________________________________________________________________________________________________________________________________________________________________________________
 
 
                                                RISK PERCENTAGE (%) ASSOCIATED WITH EACH EXPOSURE ROUTE
 
                                                                NON-CARCINOGENIC RISK   
____________________________________________________________________________________________________________________________________________
                                                                             PATHWAY   
   LOCAL    AGE RANGE(y)        1       2       3       4       5       6       7       8       9      10      11      12      13      14    
____________________________________________________________________________________________________________________________________________
     1
              1 to <2           .00  100.00     .00     .00     .00     .00     .00     .00     .00     .00     .00     .00     .00     .00
              2 to <3           .00  100.00     .00     .00     .00     .00     .00     .00     .00     .00     .00     .00     .00     .00
              3 to <6           .00  100.00     .00     .00     .00     .00     .00     .00     .00     .00     .00     .00     .00     .00
              6 to <11          .00  100.00     .00     .00     .00     .00     .00     .00     .00     .00     .00     .00     .00     .00
             11 to <16          .00  100.00     .00     .00     .00     .00     .00     .00     .00     .00     .00     .00     .00     .00
             16 to <18          .00  100.00     .00     .00     .00     .00     .00     .00     .00     .00     .00     .00     .00     .00
             18 to <21          .00  100.00     .00     .00     .00     .00     .00     .00     .00     .00     .00     .00     .00     .00
             21 to <65          .00  100.00     .00     .00     .00     .00     .00     .00     .00     .00     .00     .00     .00     .00
             65 to  66          .00  100.00     .00     .00     .00     .00     .00     .00     .00     .00     .00     .00     .00     .00
     2
              1 to <2           .00  100.00     .00     .00     .00     .00     .00     .00     .00     .00     .00     .00     .00     .00
              2 to <3           .00  100.00     .00     .00     .00     .00     .00     .00     .00     .00     .00     .00     .00     .00
              3 to <6           .00  100.00     .00     .00     .00     .00     .00     .00     .00     .00     .00     .00     .00     .00
              6 to <11          .00  100.00     .00     .00     .00     .00     .00     .00     .00     .00     .00     .00     .00     .00
             11 to <16          .00  100.00     .00     .00     .00     .00     .00     .00     .00     .00     .00     .00     .00     .00
             16 to <18          .00  100.00     .00     .00     .00     .00     .00     .00     .00     .00     .00     .00     .00     .00
             18 to <21          .00  100.00     .00     .00     .00     .00     .00     .00     .00     .00     .00     .00     .00     .00
             21 to <65          .00  100.00     .00     .00     .00     .00     .00     .00     .00     .00     .00     .00     .00     .00
             65 to  66          .00  100.00     .00     .00     .00     .00     .00     .00     .00     .00     .00     .00     .00     .00
____________________________________________________________________________________________________________________________________________
 
                                                                  CARCINOGENIC RISK   
____________________________________________________________________________________________________________________________________________
                                                                             PATHWAY   
   LOCAL    AGE RANGE(y)        1       2       3       4       5       6       7       8       9      10      11      12      13      14    
____________________________________________________________________________________________________________________________________________
     1
              1 to <2           .00  100.00     .00     .00     .00     .00     .00     .00     .00     .00     .00     .00     .00     .00
              2 to <3           .00  100.00     .00     .00     .00     .00     .00     .00     .00     .00     .00     .00     .00     .00
              3 to <6           .00  100.00     .00     .00     .00     .00     .00     .00     .00     .00     .00     .00     .00     .00
              6 to <11          .00  100.00     .00     .00     .00     .00     .00     .00     .00     .00     .00     .00     .00     .00
             11 to <16          .00  100.00     .00     .00     .00     .00     .00     .00     .00     .00     .00     .00     .00     .00
             16 to <18          .00  100.00     .00     .00     .00     .00     .00     .00     .00     .00     .00     .00     .00     .00
             18 to <21          .00  100.00     .00     .00     .00     .00     .00     .00     .00     .00     .00     .00     .00     .00
             21 to <65          .00  100.00     .00     .00     .00     .00     .00     .00     .00     .00     .00     .00     .00     .00
             65 to  66          .00  100.00     .00     .00     .00     .00     .00     .00     .00     .00     .00     .00     .00     .00
     2
              1 to <2           .00  100.00     .00     .00     .00     .00     .00     .00     .00     .00     .00     .00     .00     .00
              2 to <3           .00  100.00     .00     .00     .00     .00     .00     .00     .00     .00     .00     .00     .00     .00
              3 to <6           .00  100.00     .00     .00     .00     .00     .00     .00     .00     .00     .00     .00     .00     .00
              6 to <11          .00  100.00     .00     .00     .00     .00     .00     .00     .00     .00     .00     .00     .00     .00
             11 to <16          .00  100.00     .00     .00     .00     .00     .00     .00     .00     .00     .00     .00     .00     .00
             16 to <18          .00  100.00     .00     .00     .00     .00     .00     .00     .00     .00     .00     .00     .00     .00
             18 to <21          .00  100.00     .00     .00     .00     .00     .00     .00     .00     .00     .00     .00     .00     .00
             21 to <65          .00  100.00     .00     .00     .00     .00     .00     .00     .00     .00     .00     .00     .00     .00
             65 to  66          .00  100.00     .00     .00     .00     .00     .00     .00     .00     .00     .00     .00     .00     .00
____________________________________________________________________________________________________________________________________________
 
 
