********************************************************************************************************************************************
                                                 OUTPUT RESULTS - TOTAL ECOLOGICAL RISK
********************************************************************************************************************************************
 
                                              THE CODE RUN WITH THE SCENARY =   1   AGRICULTURAL
 
                                              WATER REFERENCE VALUE USED    ---> NATIONAL 
 
                                              SOIL REFERENCE VALUE USED     ---> U.S.EPA          
 
                                              SEDIMENT REFERENCE VALUE USED ---> REGIONAL 
 
 
____________________________________________________________________________________      
                   |                         SOIL COMPARTMENT                       |     
   LOCAL    TIME   |     PLI          mCd         PERI         IPIt      PI-Nemerov |     
___________________|________________________________________________________________|     
     1      All      .00000E+00   .00000E+00   .00000E+00   .11111E+01   .11765E+02
     2      All      .00000E+00   .00000E+00   .00000E+00   .22222E+01   .23529E+02
____________________________________________________________________________________     
 
 
 
_____________________________________________________________________________________________________      
                   |                              CHEMICAL EVIDENCE LINE                             |     
   LOCAL    TIME   |     Kd_MPI      Risk_chem_wat    Risk_chem_soil    Risk_chem_sed        IR      |     
___________________|_________________________________________________________________________________|     
     1       1         .00000E+00     .00000E+00        .54030E-01       .00000E+00      .54030E-01
     1       2         .00000E+00     .00000E+00        .65196E-01       .00000E+00      .65196E-01
 
     2       1         .00000E+00     .00000E+00        .96020E-01       .00000E+00      .96020E-01
     2       2         .00000E+00     .00000E+00        .75876E-01       .00000E+00      .75876E-01
_____________________________________________________________________________________________________     
 
 
 
