***************************************************************************************************************************************
                                    OUTPUT RESULTS - AGGREGATE AND ACCUMULATED RISK
***************************************************************************************************************************************
 
                                   THE CODE RUN WITH THE SCENARY =   1   AGRICULTURAL
 
                                     AGGREGATE AND ACCUMULATED RISK  -- EXTENSIVE
 
 
                               RISK ASSESSMENT FOR AGE POPULATION BETWEEN 1 AND < 3.0 YEARS
 
 
_______________________________________________________________________________________________________________________________________
   CHEMICAL: Th                            
 
     LOCAL      AGE             HI          Error                                CR          Error        CRag         Error
_______________________________________________________________________________________________________________________________________
       1         1          .00000E+00
       1         2          .00000E+00
 
       2         1          .00000E+00
       2         2          .00000E+00
---------------------------------------------------------------------------------------------------------------------------------------
                                                         LOCAL      AGE                                 CRag_tot       Error
---------------------------------------------------------------------------------------------------------------------------------------
                                                                                                   Non-carcinogenic chemical species 
_______________________________________________________________________________________________________________________________________
   CHEMICAL: Pb                            
 
     LOCAL      AGE             HI          Error                                CR          Error        CRag         Error
_______________________________________________________________________________________________________________________________________
       1         1          .71962E-01                                       .28231E-07                .28231E-07
       1         2          .90001E-01                                       .36594E-07                .64825E-07
 
       2         1          .14392E+00                                       .56462E-07                .56462E-07
       2         2          .10800E+00                                       .43912E-07                .10037E-06
---------------------------------------------------------------------------------------------------------------------------------------
                                                         LOCAL      AGE                                 CRag_tot       Error
---------------------------------------------------------------------------------------------------------------------------------------
                                                           1         2                                 .64825E-07
                                                           2         2                                 .10037E-06
_______________________________________________________________________________________________________________________________________
 
***************************************************************************************************************************************
***************************************************************************************************************************************
***************************************************************************************************************************************
 
 
                               RISK ASSESSMENT FOR AGE POPULATION BETWEEN 2 AND < 4.0 YEARS
 
 
_______________________________________________________________________________________________________________________________________
   CHEMICAL: Th                            
 
     LOCAL      AGE             HI          Error                                CR          Error        CRag         Error
_______________________________________________________________________________________________________________________________________
       1         2          .00000E+00
       1         3          .00000E+00
 
       2         2          .00000E+00
       2         3          .00000E+00
---------------------------------------------------------------------------------------------------------------------------------------
                                                         LOCAL      AGE                                 CRag_tot       Error
---------------------------------------------------------------------------------------------------------------------------------------
                                                                                                   Non-carcinogenic chemical species 
_______________________________________________________________________________________________________________________________________
   CHEMICAL: Pb                            
 
     LOCAL      AGE             HI          Error                                CR          Error        CRag         Error
_______________________________________________________________________________________________________________________________________
       1         2          .72001E-01                                       .29275E-07                .29275E-07
       1         3          .66775E-01                                       .28176E-07                .57451E-07
 
       2         2          .14400E+00                                       .58550E-07                .58550E-07
       2         3          .80130E-01                                       .33811E-07                .92361E-07
---------------------------------------------------------------------------------------------------------------------------------------
                                                         LOCAL      AGE                                 CRag_tot       Error
---------------------------------------------------------------------------------------------------------------------------------------
                                                           1         3                                 .57451E-07
                                                           2         3                                 .92361E-07
_______________________________________________________________________________________________________________________________________
 
***************************************************************************************************************************************
***************************************************************************************************************************************
***************************************************************************************************************************************
 
 
                               RISK ASSESSMENT FOR AGE POPULATION BETWEEN 3 AND < 5.0 YEARS
 
 
_______________________________________________________________________________________________________________________________________
   CHEMICAL: Th                            
 
     LOCAL      AGE             HI          Error                                CR          Error        CRag         Error
_______________________________________________________________________________________________________________________________________
       1         3          .00000E+00
       1         4          .00000E+00
 
       2         3          .00000E+00
       2         4          .00000E+00
---------------------------------------------------------------------------------------------------------------------------------------
                                                         LOCAL      AGE                                 CRag_tot       Error
---------------------------------------------------------------------------------------------------------------------------------------
                                                                                                   Non-carcinogenic chemical species 
_______________________________________________________________________________________________________________________________________
   CHEMICAL: Pb                            
 
     LOCAL      AGE             HI          Error                                CR          Error        CRag         Error
_______________________________________________________________________________________________________________________________________
       1         3          .53420E-01                                       .22541E-07                .22541E-07
       1         4          .66775E-01                                       .28176E-07                .50716E-07
 
       2         3          .10684E+00                                       .45081E-07                .45081E-07
       2         4          .80130E-01                                       .33811E-07                .78892E-07
---------------------------------------------------------------------------------------------------------------------------------------
                                                         LOCAL      AGE                                 CRag_tot       Error
---------------------------------------------------------------------------------------------------------------------------------------
                                                           1         4                                 .50716E-07
                                                           2         4                                 .78892E-07
_______________________________________________________________________________________________________________________________________
 
***************************************************************************************************************************************
***************************************************************************************************************************************
***************************************************************************************************************************************
 
 
                               RISK ASSESSMENT FOR AGE POPULATION BETWEEN 6 AND < 8.0 YEARS
 
 
_______________________________________________________________________________________________________________________________________
   CHEMICAL: Th                            
 
     LOCAL      AGE             HI          Error                                CR          Error        CRag         Error
_______________________________________________________________________________________________________________________________________
       1         6          .00000E+00
       1         7          .00000E+00
 
       2         6          .00000E+00
       2         7          .00000E+00
---------------------------------------------------------------------------------------------------------------------------------------
                                                         LOCAL      AGE                                 CRag_tot       Error
---------------------------------------------------------------------------------------------------------------------------------------
                                                                                                   Non-carcinogenic chemical species 
_______________________________________________________________________________________________________________________________________
   CHEMICAL: Pb                            
 
     LOCAL      AGE             HI          Error                                CR          Error        CRag         Error
_______________________________________________________________________________________________________________________________________
       1         6          .27688E-01                                       .12142E-07                .12142E-07
       1         7          .34610E-01                                       .15177E-07                .27319E-07
 
       2         6          .55377E-01                                       .24284E-07                .24284E-07
       2         7          .41533E-01                                       .18213E-07                .42496E-07
---------------------------------------------------------------------------------------------------------------------------------------
                                                         LOCAL      AGE                                 CRag_tot       Error
---------------------------------------------------------------------------------------------------------------------------------------
                                                           1         7                                 .27319E-07
                                                           2         7                                 .42496E-07
_______________________________________________________________________________________________________________________________________
 
***************************************************************************************************************************************
***************************************************************************************************************************************
***************************************************************************************************************************************
 
 
                               RISK ASSESSMENT FOR AGE POPULATION BETWEEN 11 AND <13.0 YEARS
 
 
_______________________________________________________________________________________________________________________________________
   CHEMICAL: Th                            
 
     LOCAL      AGE             HI          Error                                CR          Error        CRag         Error
_______________________________________________________________________________________________________________________________________
       1        11          .00000E+00
       1        12          .00000E+00
 
       2        11          .00000E+00
       2        12          .00000E+00
---------------------------------------------------------------------------------------------------------------------------------------
                                                         LOCAL      AGE                                 CRag_tot       Error
---------------------------------------------------------------------------------------------------------------------------------------
                                                                                                   Non-carcinogenic chemical species 
_______________________________________________________________________________________________________________________________________
   CHEMICAL: Pb                            
 
     LOCAL      AGE             HI          Error                                CR          Error        CRag         Error
_______________________________________________________________________________________________________________________________________
       1        11          .94931E-02                                       .43330E-08                .43330E-08
       1        12          .11866E-01                                       .54163E-08                .97493E-08
 
       2        11          .18986E-01                                       .86660E-08                .86660E-08
       2        12          .14240E-01                                       .64995E-08                .15166E-07
---------------------------------------------------------------------------------------------------------------------------------------
                                                         LOCAL      AGE                                 CRag_tot       Error
---------------------------------------------------------------------------------------------------------------------------------------
                                                           1        12                                 .97493E-08
                                                           2        12                                 .15166E-07
_______________________________________________________________________________________________________________________________________
 
***************************************************************************************************************************************
***************************************************************************************************************************************
***************************************************************************************************************************************
 
 
                               RISK ASSESSMENT FOR AGE POPULATION BETWEEN 16 AND <18.0 YEARS
 
 
_______________________________________________________________________________________________________________________________________
   CHEMICAL: Th                            
 
     LOCAL      AGE             HI          Error                                CR          Error        CRag         Error
_______________________________________________________________________________________________________________________________________
       1        16          .00000E+00
       1        17          .00000E+00
 
       2        16          .00000E+00
       2        17          .00000E+00
---------------------------------------------------------------------------------------------------------------------------------------
                                                         LOCAL      AGE                                 CRag_tot       Error
---------------------------------------------------------------------------------------------------------------------------------------
                                                                                                   Non-carcinogenic chemical species 
_______________________________________________________________________________________________________________________________________
   CHEMICAL: Pb                            
 
     LOCAL      AGE             HI          Error                                CR          Error        CRag         Error
_______________________________________________________________________________________________________________________________________
       1        16          .94931E-02                                       .45176E-08                .45176E-08
       1        17          .11866E-01                                       .56470E-08                .10165E-07
 
       2        16          .18986E-01                                       .90353E-08                .90353E-08
       2        17          .14240E-01                                       .67765E-08                .15812E-07
---------------------------------------------------------------------------------------------------------------------------------------
                                                         LOCAL      AGE                                 CRag_tot       Error
---------------------------------------------------------------------------------------------------------------------------------------
                                                           1        17                                 .10165E-07
                                                           2        17                                 .15812E-07
_______________________________________________________________________________________________________________________________________
 
***************************************************************************************************************************************
***************************************************************************************************************************************
***************************************************************************************************************************************
 
 
                               RISK ASSESSMENT FOR AGE POPULATION BETWEEN 18 AND <20.0 YEARS
 
 
_______________________________________________________________________________________________________________________________________
   CHEMICAL: Th                            
 
     LOCAL      AGE             HI          Error                                CR          Error        CRag         Error
_______________________________________________________________________________________________________________________________________
       1        18          .00000E+00
       1        19          .00000E+00
 
       2        18          .00000E+00
       2        19          .00000E+00
---------------------------------------------------------------------------------------------------------------------------------------
                                                         LOCAL      AGE                                 CRag_tot       Error
---------------------------------------------------------------------------------------------------------------------------------------
                                                                                                   Non-carcinogenic chemical species 
_______________________________________________________________________________________________________________________________________
   CHEMICAL: Pb                            
 
     LOCAL      AGE             HI          Error                                CR          Error        CRag         Error
_______________________________________________________________________________________________________________________________________
       1        18          .94931E-02                                       .47187E-08                .47187E-08
       1        19          .11866E-01                                       .58984E-08                .10617E-07
 
       2        18          .18986E-01                                       .94374E-08                .94374E-08
       2        19          .14240E-01                                       .70780E-08                .16515E-07
---------------------------------------------------------------------------------------------------------------------------------------
                                                         LOCAL      AGE                                 CRag_tot       Error
---------------------------------------------------------------------------------------------------------------------------------------
                                                           1        19                                 .10617E-07
                                                           2        19                                 .16515E-07
_______________________________________________________________________________________________________________________________________
 
***************************************************************************************************************************************
***************************************************************************************************************************************
***************************************************************************************************************************************
 
 
                               RISK ASSESSMENT FOR AGE POPULATION BETWEEN 21 AND <23.0 YEARS
 
 
_______________________________________________________________________________________________________________________________________
   CHEMICAL: Th                            
 
     LOCAL      AGE             HI          Error                                CR          Error        CRag         Error
_______________________________________________________________________________________________________________________________________
       1        21          .00000E+00
       1        22          .00000E+00
 
       2        21          .00000E+00
       2        22          .00000E+00
---------------------------------------------------------------------------------------------------------------------------------------
                                                         LOCAL      AGE                                 CRag_tot       Error
---------------------------------------------------------------------------------------------------------------------------------------
                                                                                                   Non-carcinogenic chemical species 
_______________________________________________________________________________________________________________________________________
   CHEMICAL: Pb                            
 
     LOCAL      AGE             HI          Error                                CR          Error        CRag         Error
_______________________________________________________________________________________________________________________________________
       1        21          .10284E-01                                       .53500E-08                .53500E-08
       1        22          .12855E-01                                       .66875E-08                .12038E-07
 
       2        21          .20568E-01                                       .10700E-07                .10700E-07
       2        22          .15426E-01                                       .80250E-08                .18725E-07
---------------------------------------------------------------------------------------------------------------------------------------
                                                         LOCAL      AGE                                 CRag_tot       Error
---------------------------------------------------------------------------------------------------------------------------------------
                                                           1        22                                 .12038E-07
                                                           2        22                                 .18725E-07
_______________________________________________________________________________________________________________________________________
 
***************************************************************************************************************************************
***************************************************************************************************************************************
***************************************************************************************************************************************
 
 
                                  RISK ASSESSMENT FOR ADULTS AGED 65 YEARS OR OLDER 
 
 
_______________________________________________________________________________________________________________________________________
   CHEMICAL: Th                            
 
     LOCAL      AGE             HI          Error                                CR          Error        CRag         Error
_______________________________________________________________________________________________________________________________________
       1        65          .00000E+00
       1        66          .00000E+00
 
       2        65          .00000E+00
       2        66          .00000E+00
---------------------------------------------------------------------------------------------------------------------------------------
                                                         LOCAL      AGE                                 CRag_tot       Error
---------------------------------------------------------------------------------------------------------------------------------------
                                                                                                   Non-carcinogenic chemical species 
_______________________________________________________________________________________________________________________________________
   CHEMICAL: Pb                            
 
     LOCAL      AGE             HI          Error                                CR          Error        CRag         Error
_______________________________________________________________________________________________________________________________________
       1        65          .16613E-01                                       .90645E-08                .90645E-08
       1        66          .20766E-01                                       .11331E-07                .20395E-07
 
       2        65          .33226E-01                                       .18129E-07                .18129E-07
       2        66          .24920E-01                                       .13597E-07                .31726E-07
---------------------------------------------------------------------------------------------------------------------------------------
                                                         LOCAL      AGE                                 CRag_tot       Error
---------------------------------------------------------------------------------------------------------------------------------------
                                                           1        66                                 .20395E-07
                                                           2        66                                 .31726E-07
_______________________________________________________________________________________________________________________________________
 
***************************************************************************************************************************************
***************************************************************************************************************************************
***************************************************************************************************************************************
 
