********************************************************************************************************************************************
                                                     OUTPUT RESULTS - RADIOLOGICAL RISK
********************************************************************************************************************************************
 
 
 
                                                          SPECIFIC ACTIVITY (Bq/kg)
______________________________________________________________________________________________________________________
                                  K-40                             Th-232                            U-238   
   Local     time        Value            Error            Value            Error            Value            Error
______________________________________________________________________________________________________________________
     1        1       .00000E+00                        .81141E+03                        .00000E+00
     1        2       .00000E+00                        .10143E+04                        .00000E+00
 
     2        1       .00000E+00                        .16228E+04                        .00000E+00
     2        2       .00000E+00                        .12171E+04                        .00000E+00
______________________________________________________________________________________________________________________
 
 
 
________________________________________________________________________________________________________________________________________________________
                       Radium equivalent activit           Gama absorbed dose rate           Outdoor effective dose            Indoor effective dose    
                                (Bq/kg)                           (nGy/h)                           (mSv/y)                           (mSv/y)           
   Local     time        Value            Error            Value            Error            Value            Error            Value            Error   
________________________________________________________________________________________________________________________________________________________
     1        1       .11603E+04                        .50389E+03                        .61797E+00                        .24719E+01
     1        2       .14504E+04                        .62986E+03                        .77246E+00                        .30898E+01
 
     2        1       .23206E+04                        .10078E+04                        .12359E+01                        .49437E+01
     2        2       .17405E+04                        .75583E+03                        .92695E+00                        .37078E+01
________________________________________________________________________________________________________________________________________________________
 
 
 
                                                                       EXCESS LIFETIME CANCER RISK
_____________________________________________________________________________________________________________________________________________________________________________________________
                   |                             INDOOR                               |                              OUTDOOR                              |               TOTAL    
                   |           Individual                       Accumulated           |            Individual                       Accumulated           |            Accumulated         
   Local     time  |     Value            Error            Value            Error     |      Value            Error            Value            Error     |      Value            Error   
___________________|__________________________________________________________________|___________________________________________________________________|__________________________________
     1        1       .96403E-02                        .96403E-02                        .24101E-02                        .24101E-02                        .12050E-01
     1        2       .12050E-01                        .21691E-01                        .30126E-02                        .54227E-02                        .27113E-01
 
     2        1       .19281E-01                        .19281E-01                        .48201E-02                        .48201E-02                        .24101E-01
     2        2       .14460E-01                        .33741E-01                        .36151E-02                        .84352E-02                        .42176E-01
_____________________________________________________________________________________________________________________________________________________________________________________________
 
 
 
                     HAZARD INDEX - NON-CARCINOGENIC RISK 
____________________________________________________________________________________
                         External Hazard Index             Internal Hazard Index     
   Local     time        Value            Error            Value            Error   
____________________________________________________________________________________
     1        1       .31321E+01                        .31321E+01
     1        2       .39151E+01                        .39151E+01
 
     2        1       .62641E+01                        .62641E+01
     2        2       .46981E+01                        .46981E+01
____________________________________________________________________________________
