*******************************************************************************************
                      OUTPUT RESULTS - SUMMARY AGGREGATE RISK
*******************************************************************************************
 
                     THE CODE RUN WITH THE SCENARY =   1   AGRICULTURAL
 
                            CUMULATIVE RISK  -- SUMMARY
 
 
                   RISK ASSESSMENT FOR AGE POPULATION BETWEEN 1 AND < 3.0 YEARS
 
___________________________________________________
   LOCAL     AGE         HIcum           Error   
___________________________________________________
     1        1       .71962E-01
     1        2       .90001E-01
 
     2        1       .14392E+00
     2        2       .10800E+00
___________________________________________________
   LOCAL     AGE       CRcum_tot         Error    
___________________________________________________
     1        3       .64825E-07
     2        3       .10037E-06
___________________________________________________
 
-------------------------------------------------------------------------------------------
-------------------------------------------------------------------------------------------
 
 
                   RISK ASSESSMENT FOR AGE POPULATION BETWEEN 2 AND < 4.0 YEARS
 
___________________________________________________
   LOCAL     AGE         HIcum           Error   
___________________________________________________
     1        2       .72001E-01
     1        3       .66775E-01
 
     2        2       .14400E+00
     2        3       .80130E-01
___________________________________________________
   LOCAL     AGE       CRcum_tot         Error    
___________________________________________________
     1        4       .57451E-07
     2        4       .92361E-07
___________________________________________________
 
-------------------------------------------------------------------------------------------
-------------------------------------------------------------------------------------------
 
 
                   RISK ASSESSMENT FOR AGE POPULATION BETWEEN 3 AND < 5.0 YEARS
 
___________________________________________________
   LOCAL     AGE         HIcum           Error   
___________________________________________________
     1        3       .53420E-01
     1        4       .66775E-01
 
     2        3       .10684E+00
     2        4       .80130E-01
___________________________________________________
   LOCAL     AGE       CRcum_tot         Error    
___________________________________________________
     1        5       .50716E-07
     2        5       .78892E-07
___________________________________________________
 
-------------------------------------------------------------------------------------------
-------------------------------------------------------------------------------------------
 
 
                   RISK ASSESSMENT FOR AGE POPULATION BETWEEN 6 AND < 8.0 YEARS
 
___________________________________________________
   LOCAL     AGE         HIcum           Error   
___________________________________________________
     1        6       .27688E-01
     1        7       .34610E-01
 
     2        6       .55377E-01
     2        7       .41533E-01
___________________________________________________
   LOCAL     AGE       CRcum_tot         Error    
___________________________________________________
     1        8       .27319E-07
     2        8       .42496E-07
___________________________________________________
 
-------------------------------------------------------------------------------------------
-------------------------------------------------------------------------------------------
 
 
                   RISK ASSESSMENT FOR AGE POPULATION BETWEEN 11 AND <13.0 YEARS
 
___________________________________________________
   LOCAL     AGE         HIcum           Error   
___________________________________________________
     1       11       .94931E-02
     1       12       .11866E-01
 
     2       11       .18986E-01
     2       12       .14240E-01
___________________________________________________
   LOCAL     AGE       CRcum_tot         Error    
___________________________________________________
     1       13       .97493E-08
     2       13       .15166E-07
___________________________________________________
 
-------------------------------------------------------------------------------------------
-------------------------------------------------------------------------------------------
 
 
                   RISK ASSESSMENT FOR AGE POPULATION BETWEEN 16 AND <18.0 YEARS
 
___________________________________________________
   LOCAL     AGE         HIcum           Error   
___________________________________________________
     1       16       .94931E-02
     1       17       .11866E-01
 
     2       16       .18986E-01
     2       17       .14240E-01
___________________________________________________
   LOCAL     AGE       CRcum_tot         Error    
___________________________________________________
     1       18       .10165E-07
     2       18       .15812E-07
___________________________________________________
 
-------------------------------------------------------------------------------------------
-------------------------------------------------------------------------------------------
 
 
                   RISK ASSESSMENT FOR AGE POPULATION BETWEEN 18 AND <20.0 YEARS
 
___________________________________________________
   LOCAL     AGE         HIcum           Error   
___________________________________________________
     1       18       .94931E-02
     1       19       .11866E-01
 
     2       18       .18986E-01
     2       19       .14240E-01
___________________________________________________
   LOCAL     AGE       CRcum_tot         Error    
___________________________________________________
     1       20       .10617E-07
     2       20       .16515E-07
___________________________________________________
 
-------------------------------------------------------------------------------------------
-------------------------------------------------------------------------------------------
 
 
                   RISK ASSESSMENT FOR AGE POPULATION BETWEEN 21 AND <23.0 YEARS
 
___________________________________________________
   LOCAL     AGE         HIcum           Error   
___________________________________________________
     1       21       .10284E-01
     1       22       .12855E-01
 
     2       21       .20568E-01
     2       22       .15426E-01
___________________________________________________
   LOCAL     AGE       CRcum_tot         Error    
___________________________________________________
     1       23       .12038E-07
     2       23       .18725E-07
___________________________________________________
 
-------------------------------------------------------------------------------------------
-------------------------------------------------------------------------------------------
 
 
                       RISK ASSESSMENT FOR ADULTS AGED 65 YEARS OR OLDER 
 
___________________________________________________
   LOCAL     AGE         HIcum           Error   
___________________________________________________
     1       65       .16613E-01
     1       66       .20766E-01
 
     2       65       .33226E-01
     2       66       .24920E-01
___________________________________________________
   LOCAL     AGE       CRcum_tot         Error    
___________________________________________________
     1       67       .20395E-07
     2       67       .31726E-07
___________________________________________________
 
-------------------------------------------------------------------------------------------
-------------------------------------------------------------------------------------------
 
