*******************************************************************************************
                                 OUTPUT PARAMETERS 
*******************************************************************************************
 
                THE PROGRAM IS PERFORMED WITH THE SCENE = 1 (AGRICULTURAL) 
 
                RISK ASSESSMENT FOR AGE POPULATION BETWEEN 1 AND < 3.0 YEARS
 
                CALCULATION OF DOSE FOR WAY  2 FOR CHEMICAL ----> Th                            
 
                Exposure duration assessment =                     Chronic   
 
    NON-CARCINOGENIC DOSE 2
 
      LOCAL             1            2
 
Value  AGE     1   .00000E+00   .00000E+00
Unce.              .00000E+00   .00000E+00
Value  AGE     2   .00000E+00   .00000E+00
Unce.              .00000E+00   .00000E+00
 
    HQ 2
 
Value  AGE     1   .00000E+00   .00000E+00
Unce.              .00000E+00   .00000E+00
Value  AGE     2   .00000E+00   .00000E+00
Unce.              .00000E+00   .00000E+00
 
    CARCINOGENIC DOSE 2
 
Value  AGE     1   .00000E+00   .00000E+00
Unce.              .00000E+00   .00000E+00
Value  AGE     2   .00000E+00   .00000E+00
Unce.              .00000E+00   .00000E+00
 
    CR 2
 
Value  AGE     1   .00000E+00   .00000E+00
Unce.              .00000E+00   .00000E+00
Value  AGE     2   .00000E+00   .00000E+00
Unce.              .00000E+00   .00000E+00
 
_________________________________________________________
  PARAMETERS            VALEUS             UNCERTAINTIES
_________________________________________________________
     ED              .200000E+01           .000000E+00
     FI              .100000E+01           .120000E+00
     Kd              .900000E+03           .900000E+02
BTF(Soil-Fruit)      .900000E-02           .900000E-03
  AT(CARC.)          .284700E+05           .000000E+00
Oral mutagenicity         F
KEYCONC(water)            F
KEYCONC(Fruit)            F
- - - - - - - - - - - - - - - - - - - - - - - - - - - - -
     BAF             .110000E+00           .400000E-01
     RfD             .360000E-02           .360000E-03
     SF              .850000E-02           .850000E-03
_________________________________________________________
------------------------------------------------------------------------------------------
 
                CALCULATION OF DOSE FOR WAY  2 FOR CHEMICAL ----> Pb                            
 
                Exposure duration assessment =                     Chronic   
 
    NON-CARCINOGENIC DOSE 2
 
      LOCAL             1            2
 
Value  AGE     1   .23551E-02   .47102E-02
Unce.              .60733E-03   .13457E-02
Value  AGE     2   .29455E-02   .35346E-02
Unce.              .78939E-03   .97385E-03
 
    HQ 2
 
Value  AGE     1   .71962E-01   .14392E+00
Unce.              .32877E-01   .68095E-01
Value  AGE     2   .90001E-01   .10800E+00
Unce.              .41640E-01   .50443E-01
 
    CARCINOGENIC DOSE 2
 
Value  AGE     1   .30194E-04   .60388E-04
Unce.              .77863E-05   .17253E-04
Value  AGE     2   .39138E-04   .46965E-04
Unce.              .10489E-04   .12940E-04
 
    CR 2
 
Value  AGE     1   .28231E-07   .56462E-07
Unce.              .12898E-07   .26714E-07
Value  AGE     2   .36594E-07   .43912E-07
Unce.              .16930E-07   .20510E-07
 
_________________________________________________________
  PARAMETERS            VALEUS             UNCERTAINTIES
_________________________________________________________
     ED              .200000E+01           .000000E+00
     FI              .100000E+01           .120000E+00
     Kd              .900000E+03           .900000E+02
BTF(Soil-Fruit)      .900000E-02           .900000E-03
  AT(CARC.)          .284700E+05           .000000E+00
Oral mutagenicity         F
KEYCONC(water)            F
KEYCONC(Fruit)            F
- - - - - - - - - - - - - - - - - - - - - - - - - - - - -
     BAF             .110000E+00           .400000E-01
     RfD             .360000E-02           .360000E-03
     SF              .850000E-02           .850000E-03
_________________________________________________________
------------------------------------------------------------------------------------------
*******************************************************************************************
*******************************************************************************************
 
*******************************************************************************************
                RISK ASSESSMENT FOR AGE POPULATION BETWEEN 2 AND < 4.0 YEARS
*******************************************************************************************
 
                CALCULATION OF DOSE FOR WAY  2 FOR CHEMICAL ----> Th                            
 
                Exposure duration assessment =                     Chronic   
 
    NON-CARCINOGENIC DOSE 2
 
      LOCAL             1            2
 
Value  AGE     2   .00000E+00   .00000E+00
Unce.              .00000E+00   .00000E+00
Value  AGE     3   .00000E+00   .00000E+00
Unce.              .00000E+00   .00000E+00
 
    HQ 2
 
Value  AGE     2   .00000E+00   .00000E+00
Unce.              .00000E+00   .00000E+00
Value  AGE     3   .00000E+00   .00000E+00
Unce.              .00000E+00   .00000E+00
 
    CARCINOGENIC DOSE 2
 
Value  AGE     2   .00000E+00   .00000E+00
Unce.              .00000E+00   .00000E+00
Value  AGE     3   .00000E+00   .00000E+00
Unce.              .00000E+00   .00000E+00
 
    CR 2
 
Value  AGE     2   .00000E+00   .00000E+00
Unce.              .00000E+00   .00000E+00
Value  AGE     3   .00000E+00   .00000E+00
Unce.              .00000E+00   .00000E+00
 
_________________________________________________________
  PARAMETERS            VALEUS             UNCERTAINTIES
_________________________________________________________
     ED              .200000E+01           .000000E+00
     FI              .100000E+01           .120000E+00
     Kd              .900000E+03           .900000E+02
BTF(Soil-Fruit)      .900000E-02           .900000E-03
  AT(CARC.)          .274700E+05           .000000E+00
Oral mutagenicity         F
KEYCONC(water)            F
KEYCONC(Fruit)            F
- - - - - - - - - - - - - - - - - - - - - - - - - - - - -
     BAF             .110000E+00           .400000E-01
     RfD             .360000E-02           .360000E-03
     SF              .850000E-02           .850000E-03
_________________________________________________________
------------------------------------------------------------------------------------------
 
                CALCULATION OF DOSE FOR WAY  2 FOR CHEMICAL ----> Pb                            
 
                Exposure duration assessment =                     Chronic   
 
    NON-CARCINOGENIC DOSE 2
 
      LOCAL             1            2
 
Value  AGE     2   .23564E-02   .47128E-02
Unce.              .60766E-03   .13465E-02
Value  AGE     3   .21854E-02   .26224E-02
Unce.              .71843E-03   .87826E-03
 
    HQ 2
 
Value  AGE     2   .72001E-01   .14400E+00
Unce.              .32895E-01   .68133E-01
Value  AGE     3   .66775E-01   .80130E-01
Unce.              .33408E-01   .40415E-01
 
    CARCINOGENIC DOSE 2
 
Value  AGE     2   .31310E-04   .62620E-04
Unce.              .80741E-05   .17891E-04
Value  AGE     3   .30135E-04   .36161E-04
Unce.              .99065E-05   .12111E-04
 
    CR 2
 
Value  AGE     2   .29275E-07   .58550E-07
Unce.              .13375E-07   .27702E-07
Value  AGE     3   .28176E-07   .33811E-07
Unce.              .14096E-07   .17053E-07
 
_________________________________________________________
  PARAMETERS            VALEUS             UNCERTAINTIES
_________________________________________________________
     ED              .200000E+01           .000000E+00
     FI              .100000E+01           .120000E+00
     Kd              .900000E+03           .900000E+02
BTF(Soil-Fruit)      .900000E-02           .900000E-03
  AT(CARC.)          .274700E+05           .000000E+00
Oral mutagenicity         F
KEYCONC(water)            F
KEYCONC(Fruit)            F
- - - - - - - - - - - - - - - - - - - - - - - - - - - - -
     BAF             .110000E+00           .400000E-01
     RfD             .360000E-02           .360000E-03
     SF              .850000E-02           .850000E-03
_________________________________________________________
------------------------------------------------------------------------------------------
*******************************************************************************************
*******************************************************************************************
 
 
*******************************************************************************************
                RISK ASSESSMENT FOR AGE POPULATION BETWEEN 3 AND < 5.0 YEARS
*******************************************************************************************
 
                CALCULATION OF DOSE FOR WAY  2 FOR CHEMICAL ----> Th                            
 
                Exposure duration assessment =                     Chronic   
 
    NON-CARCINOGENIC DOSE 2
 
      LOCAL             1            2
 
Value  AGE     3   .00000E+00   .00000E+00
Unce.              .00000E+00   .00000E+00
Value  AGE     4   .00000E+00   .00000E+00
Unce.              .00000E+00   .00000E+00
 
    HQ 2
 
Value  AGE     3   .00000E+00   .00000E+00
Unce.              .00000E+00   .00000E+00
Value  AGE     4   .00000E+00   .00000E+00
Unce.              .00000E+00   .00000E+00
 
    CARCINOGENIC DOSE 2
 
Value  AGE     3   .00000E+00   .00000E+00
Unce.              .00000E+00   .00000E+00
Value  AGE     4   .00000E+00   .00000E+00
Unce.              .00000E+00   .00000E+00
 
    CR 2
 
Value  AGE     3   .00000E+00   .00000E+00
Unce.              .00000E+00   .00000E+00
Value  AGE     4   .00000E+00   .00000E+00
Unce.              .00000E+00   .00000E+00
 
_________________________________________________________
  PARAMETERS            VALEUS             UNCERTAINTIES
_________________________________________________________
     ED              .200000E+01           .000000E+00
     FI              .100000E+01           .120000E+00
     Kd              .900000E+03           .900000E+02
BTF(Soil-Fruit)      .900000E-02           .900000E-03
  AT(CARC.)          .264700E+05           .000000E+00
Oral mutagenicity         F
KEYCONC(water)            F
KEYCONC(Fruit)            F
- - - - - - - - - - - - - - - - - - - - - - - - - - - - -
     BAF             .110000E+00           .400000E-01
     RfD             .360000E-02           .360000E-03
     SF              .850000E-02           .850000E-03
_________________________________________________________
------------------------------------------------------------------------------------------
 
                CALCULATION OF DOSE FOR WAY  2 FOR CHEMICAL ----> Pb                            
 
                Exposure duration assessment =                     Chronic   
 
    NON-CARCINOGENIC DOSE 2
 
      LOCAL             1            2
 
Value  AGE     3   .17483E-02   .34966E-02
Unce.              .56041E-03   .12005E-02
Value  AGE     4   .21854E-02   .26224E-02
Unce.              .71843E-03   .87826E-03
 
    HQ 2
 
Value  AGE     3   .53420E-01   .10684E+00
Unce.              .26441E-01   .54489E-01
Value  AGE     4   .66775E-01   .80130E-01
Unce.              .33408E-01   .40415E-01
 
    CARCINOGENIC DOSE 2
 
Value  AGE     3   .24108E-04   .48215E-04
Unce.              .77275E-05   .16554E-04
Value  AGE     4   .30135E-04   .36161E-04
Unce.              .99065E-05   .12111E-04
 
    CR 2
 
Value  AGE     3   .22541E-07   .45081E-07
Unce.              .11157E-07   .22992E-07
Value  AGE     4   .28176E-07   .33811E-07
Unce.              .14096E-07   .17053E-07
 
_________________________________________________________
  PARAMETERS            VALEUS             UNCERTAINTIES
_________________________________________________________
     ED              .200000E+01           .000000E+00
     FI              .100000E+01           .120000E+00
     Kd              .900000E+03           .900000E+02
BTF(Soil-Fruit)      .900000E-02           .900000E-03
  AT(CARC.)          .264700E+05           .000000E+00
Oral mutagenicity         F
KEYCONC(water)            F
KEYCONC(Fruit)            F
- - - - - - - - - - - - - - - - - - - - - - - - - - - - -
     BAF             .110000E+00           .400000E-01
     RfD             .360000E-02           .360000E-03
     SF              .850000E-02           .850000E-03
_________________________________________________________
------------------------------------------------------------------------------------------
*******************************************************************************************
*******************************************************************************************
 
 
*******************************************************************************************
                RISK ASSESSMENT FOR AGE POPULATION BETWEEN 6 AND < 8.0 YEARS
*******************************************************************************************
 
                CALCULATION OF DOSE FOR WAY  2 FOR CHEMICAL ----> Th                            
 
                Exposure duration assessment =                     Chronic   
 
    NON-CARCINOGENIC DOSE 2
 
      LOCAL             1            2
 
Value  AGE     6   .00000E+00   .00000E+00
Unce.              .00000E+00   .00000E+00
Value  AGE     7   .00000E+00   .00000E+00
Unce.              .00000E+00   .00000E+00
 
    HQ 2
 
Value  AGE     6   .00000E+00   .00000E+00
Unce.              .00000E+00   .00000E+00
Value  AGE     7   .00000E+00   .00000E+00
Unce.              .00000E+00   .00000E+00
 
    CARCINOGENIC DOSE 2
 
Value  AGE     6   .00000E+00   .00000E+00
Unce.              .00000E+00   .00000E+00
Value  AGE     7   .00000E+00   .00000E+00
Unce.              .00000E+00   .00000E+00
 
    CR 2
 
Value  AGE     6   .00000E+00   .00000E+00
Unce.              .00000E+00   .00000E+00
Value  AGE     7   .00000E+00   .00000E+00
Unce.              .00000E+00   .00000E+00
 
_________________________________________________________
  PARAMETERS            VALEUS             UNCERTAINTIES
_________________________________________________________
     ED              .200000E+01           .000000E+00
     FI              .100000E+01           .120000E+00
     Kd              .900000E+03           .900000E+02
BTF(Soil-Fruit)      .900000E-02           .900000E-03
  AT(CARC.)          .254700E+05           .000000E+00
Oral mutagenicity         F
KEYCONC(water)            F
KEYCONC(Fruit)            F
- - - - - - - - - - - - - - - - - - - - - - - - - - - - -
     BAF             .110000E+00           .400000E-01
     RfD             .360000E-02           .360000E-03
     SF              .850000E-02           .850000E-03
_________________________________________________________
------------------------------------------------------------------------------------------
 
                CALCULATION OF DOSE FOR WAY  2 FOR CHEMICAL ----> Pb                            
 
                Exposure duration assessment =                     Chronic   
 
    NON-CARCINOGENIC DOSE 2
 
      LOCAL             1            2
 
Value  AGE     6   .90616E-03   .18123E-02
Unce.              .23368E-03   .51778E-03
Value  AGE     7   .11327E-02   .13592E-02
Unce.              .30357E-03   .37450E-03
 
    HQ 2
 
Value  AGE     6   .27688E-01   .55377E-01
Unce.              .12650E-01   .26201E-01
Value  AGE     7   .34610E-01   .41533E-01
Unce.              .16013E-01   .19398E-01
 
    CARCINOGENIC DOSE 2
 
Value  AGE     6   .12986E-04   .25972E-04
Unce.              .33487E-05   .74201E-05
Value  AGE     7   .16232E-04   .19479E-04
Unce.              .43503E-05   .53668E-05
 
    CR 2
 
Value  AGE     6   .12142E-07   .24284E-07
Unce.              .55472E-08   .11489E-07
Value  AGE     7   .15177E-07   .18213E-07
Unce.              .70219E-08   .85064E-08
 
_________________________________________________________
  PARAMETERS            VALEUS             UNCERTAINTIES
_________________________________________________________
     ED              .200000E+01           .000000E+00
     FI              .100000E+01           .120000E+00
     Kd              .900000E+03           .900000E+02
BTF(Soil-Fruit)      .900000E-02           .900000E-03
  AT(CARC.)          .254700E+05           .000000E+00
Oral mutagenicity         F
KEYCONC(water)            F
KEYCONC(Fruit)            F
- - - - - - - - - - - - - - - - - - - - - - - - - - - - -
     BAF             .110000E+00           .400000E-01
     RfD             .360000E-02           .360000E-03
     SF              .850000E-02           .850000E-03
_________________________________________________________
------------------------------------------------------------------------------------------
*******************************************************************************************
*******************************************************************************************
 
 
*******************************************************************************************
                RISK ASSESSMENT FOR AGE POPULATION BETWEEN 11 AND <13.0 YEARS
*******************************************************************************************
 
                CALCULATION OF DOSE FOR WAY  2 FOR CHEMICAL ----> Th                            
 
                Exposure duration assessment =                     Chronic   
 
    NON-CARCINOGENIC DOSE 2
 
      LOCAL             1            2
 
Value  AGE    11   .00000E+00   .00000E+00
Unce.              .00000E+00   .00000E+00
Value  AGE    12   .00000E+00   .00000E+00
Unce.              .00000E+00   .00000E+00
 
    HQ 2
 
Value  AGE    11   .00000E+00   .00000E+00
Unce.              .00000E+00   .00000E+00
Value  AGE    12   .00000E+00   .00000E+00
Unce.              .00000E+00   .00000E+00
 
    CARCINOGENIC DOSE 2
 
Value  AGE    11   .00000E+00   .00000E+00
Unce.              .00000E+00   .00000E+00
Value  AGE    12   .00000E+00   .00000E+00
Unce.              .00000E+00   .00000E+00
 
    CR 2
 
Value  AGE    11   .00000E+00   .00000E+00
Unce.              .00000E+00   .00000E+00
Value  AGE    12   .00000E+00   .00000E+00
Unce.              .00000E+00   .00000E+00
 
_________________________________________________________
  PARAMETERS            VALEUS             UNCERTAINTIES
_________________________________________________________
     ED              .200000E+01           .000000E+00
     FI              .100000E+01           .120000E+00
     Kd              .900000E+03           .900000E+02
BTF(Soil-Fruit)      .900000E-02           .900000E-03
  AT(CARC.)          .244700E+05           .000000E+00
Oral mutagenicity         F
KEYCONC(water)            F
KEYCONC(Fruit)            F
- - - - - - - - - - - - - - - - - - - - - - - - - - - - -
     BAF             .110000E+00           .400000E-01
     RfD             .360000E-02           .360000E-03
     SF              .850000E-02           .850000E-03
_________________________________________________________
------------------------------------------------------------------------------------------
 
                CALCULATION OF DOSE FOR WAY  2 FOR CHEMICAL ----> Pb                            
 
                Exposure duration assessment =                     Chronic   
 
    NON-CARCINOGENIC DOSE 2
 
      LOCAL             1            2
 
Value  AGE    11   .31068E-03   .62137E-03
Unce.              .80125E-04   .17754E-03
Value  AGE    12   .38836E-03   .46603E-03
Unce.              .10409E-03   .12841E-03
 
    HQ 2
 
Value  AGE    11   .94931E-02   .18986E-01
Unce.              .43373E-02   .89833E-02
Value  AGE    12   .11866E-01   .14240E-01
Unce.              .54903E-02   .66509E-02
 
    CARCINOGENIC DOSE 2
 
Value  AGE    11   .46342E-05   .92685E-05
Unce.              .11952E-05   .26482E-05
Value  AGE    12   .57928E-05   .69514E-05
Unce.              .15526E-05   .19154E-05
 
    CR 2
 
Value  AGE    11   .43330E-08   .86660E-08
Unce.              .19797E-08   .41003E-08
Value  AGE    12   .54163E-08   .64995E-08
Unce.              .25060E-08   .30357E-08
 
_________________________________________________________
  PARAMETERS            VALEUS             UNCERTAINTIES
_________________________________________________________
     ED              .200000E+01           .000000E+00
     FI              .100000E+01           .120000E+00
     Kd              .900000E+03           .900000E+02
BTF(Soil-Fruit)      .900000E-02           .900000E-03
  AT(CARC.)          .244700E+05           .000000E+00
Oral mutagenicity         F
KEYCONC(water)            F
KEYCONC(Fruit)            F
- - - - - - - - - - - - - - - - - - - - - - - - - - - - -
     BAF             .110000E+00           .400000E-01
     RfD             .360000E-02           .360000E-03
     SF              .850000E-02           .850000E-03
_________________________________________________________
------------------------------------------------------------------------------------------
*******************************************************************************************
*******************************************************************************************
 
 
*******************************************************************************************
                RISK ASSESSMENT FOR AGE POPULATION BETWEEN 16 AND <18.0 YEARS
*******************************************************************************************
 
                CALCULATION OF DOSE FOR WAY  2 FOR CHEMICAL ----> Th                            
 
                Exposure duration assessment =                     Chronic   
 
    NON-CARCINOGENIC DOSE 2
 
      LOCAL             1            2
 
Value  AGE    16   .00000E+00   .00000E+00
Unce.              .00000E+00   .00000E+00
Value  AGE    17   .00000E+00   .00000E+00
Unce.              .00000E+00   .00000E+00
 
    HQ 2
 
Value  AGE    16   .00000E+00   .00000E+00
Unce.              .00000E+00   .00000E+00
Value  AGE    17   .00000E+00   .00000E+00
Unce.              .00000E+00   .00000E+00
 
    CARCINOGENIC DOSE 2
 
Value  AGE    16   .00000E+00   .00000E+00
Unce.              .00000E+00   .00000E+00
Value  AGE    17   .00000E+00   .00000E+00
Unce.              .00000E+00   .00000E+00
 
    CR 2
 
Value  AGE    16   .00000E+00   .00000E+00
Unce.              .00000E+00   .00000E+00
Value  AGE    17   .00000E+00   .00000E+00
Unce.              .00000E+00   .00000E+00
 
_________________________________________________________
  PARAMETERS            VALEUS             UNCERTAINTIES
_________________________________________________________
     ED              .200000E+01           .000000E+00
     FI              .100000E+01           .120000E+00
     Kd              .900000E+03           .900000E+02
BTF(Soil-Fruit)      .900000E-02           .900000E-03
  AT(CARC.)          .234700E+05           .000000E+00
Oral mutagenicity         F
KEYCONC(water)            F
KEYCONC(Fruit)            F
- - - - - - - - - - - - - - - - - - - - - - - - - - - - -
     BAF             .110000E+00           .400000E-01
     RfD             .360000E-02           .360000E-03
     SF              .850000E-02           .850000E-03
_________________________________________________________
------------------------------------------------------------------------------------------
 
                CALCULATION OF DOSE FOR WAY  2 FOR CHEMICAL ----> Pb                            
 
                Exposure duration assessment =                     Chronic   
 
    NON-CARCINOGENIC DOSE 2
 
      LOCAL             1            2
 
Value  AGE    16   .31068E-03   .62137E-03
Unce.              .80115E-04   .17752E-03
Value  AGE    17   .38836E-03   .46603E-03
Unce.              .10408E-03   .12840E-03
 
    HQ 2
 
Value  AGE    16   .94931E-02   .18986E-01
Unce.              .43371E-02   .89830E-02
Value  AGE    17   .11866E-01   .14240E-01
Unce.              .54901E-02   .66507E-02
 
    CARCINOGENIC DOSE 2
 
Value  AGE    16   .48317E-05   .96634E-05
Unce.              .12459E-05   .27608E-05
Value  AGE    17   .60396E-05   .72475E-05
Unce.              .16186E-05   .19968E-05
 
    CR 2
 
Value  AGE    16   .45176E-08   .90353E-08
Unce.              .20640E-08   .42749E-08
Value  AGE    17   .56470E-08   .67765E-08
Unce.              .26126E-08   .31650E-08
 
_________________________________________________________
  PARAMETERS            VALEUS             UNCERTAINTIES
_________________________________________________________
     ED              .200000E+01           .000000E+00
     FI              .100000E+01           .120000E+00
     Kd              .900000E+03           .900000E+02
BTF(Soil-Fruit)      .900000E-02           .900000E-03
  AT(CARC.)          .234700E+05           .000000E+00
Oral mutagenicity         F
KEYCONC(water)            F
KEYCONC(Fruit)            F
- - - - - - - - - - - - - - - - - - - - - - - - - - - - -
     BAF             .110000E+00           .400000E-01
     RfD             .360000E-02           .360000E-03
     SF              .850000E-02           .850000E-03
_________________________________________________________
------------------------------------------------------------------------------------------
*******************************************************************************************
*******************************************************************************************
 
 
*******************************************************************************************
                RISK ASSESSMENT FOR AGE POPULATION BETWEEN 18 AND <20.0 YEARS
*******************************************************************************************
 
                CALCULATION OF DOSE FOR WAY  2 FOR CHEMICAL ----> Th                            
 
                Exposure duration assessment =                     Chronic   
 
    NON-CARCINOGENIC DOSE 2
 
      LOCAL             1            2
 
Value  AGE    18   .00000E+00   .00000E+00
Unce.              .00000E+00   .00000E+00
Value  AGE    19   .00000E+00   .00000E+00
Unce.              .00000E+00   .00000E+00
 
    HQ 2
 
Value  AGE    18   .00000E+00   .00000E+00
Unce.              .00000E+00   .00000E+00
Value  AGE    19   .00000E+00   .00000E+00
Unce.              .00000E+00   .00000E+00
 
    CARCINOGENIC DOSE 2
 
Value  AGE    18   .00000E+00   .00000E+00
Unce.              .00000E+00   .00000E+00
Value  AGE    19   .00000E+00   .00000E+00
Unce.              .00000E+00   .00000E+00
 
    CR 2
 
Value  AGE    18   .00000E+00   .00000E+00
Unce.              .00000E+00   .00000E+00
Value  AGE    19   .00000E+00   .00000E+00
Unce.              .00000E+00   .00000E+00
 
_________________________________________________________
  PARAMETERS            VALEUS             UNCERTAINTIES
_________________________________________________________
     ED              .200000E+01           .000000E+00
     FI              .100000E+01           .120000E+00
     Kd              .900000E+03           .900000E+02
BTF(Soil-Fruit)      .900000E-02           .900000E-03
  AT(CARC.)          .224700E+05           .000000E+00
Oral mutagenicity         F
KEYCONC(water)            F
KEYCONC(Fruit)            F
- - - - - - - - - - - - - - - - - - - - - - - - - - - - -
     BAF             .110000E+00           .400000E-01
     RfD             .360000E-02           .360000E-03
     SF              .850000E-02           .850000E-03
_________________________________________________________
------------------------------------------------------------------------------------------
 
                CALCULATION OF DOSE FOR WAY  2 FOR CHEMICAL ----> Pb                            
 
                Exposure duration assessment =                     Chronic   
 
    NON-CARCINOGENIC DOSE 2
 
      LOCAL             1            2
 
Value  AGE    18   .31068E-03   .62137E-03
Unce.              .80115E-04   .17752E-03
Value  AGE    19   .38836E-03   .46603E-03
Unce.              .10408E-03   .12840E-03
 
    HQ 2
 
Value  AGE    18   .94931E-02   .18986E-01
Unce.              .43371E-02   .89830E-02
Value  AGE    19   .11866E-01   .14240E-01
Unce.              .54901E-02   .66507E-02
 
    CARCINOGENIC DOSE 2
 
Value  AGE    18   .50467E-05   .10093E-04
Unce.              .13014E-05   .28836E-05
Value  AGE    19   .63084E-05   .75701E-05
Unce.              .16906E-05   .20856E-05
 
    CR 2
 
Value  AGE    18   .47187E-08   .94374E-08
Unce.              .21558E-08   .44651E-08
Value  AGE    19   .58984E-08   .70780E-08
Unce.              .27289E-08   .33058E-08
 
_________________________________________________________
  PARAMETERS            VALEUS             UNCERTAINTIES
_________________________________________________________
     ED              .200000E+01           .000000E+00
     FI              .100000E+01           .120000E+00
     Kd              .900000E+03           .900000E+02
BTF(Soil-Fruit)      .900000E-02           .900000E-03
  AT(CARC.)          .224700E+05           .000000E+00
Oral mutagenicity         F
KEYCONC(water)            F
KEYCONC(Fruit)            F
- - - - - - - - - - - - - - - - - - - - - - - - - - - - -
     BAF             .110000E+00           .400000E-01
     RfD             .360000E-02           .360000E-03
     SF              .850000E-02           .850000E-03
_________________________________________________________
------------------------------------------------------------------------------------------
*******************************************************************************************
*******************************************************************************************
 
 
*******************************************************************************************
                RISK ASSESSMENT FOR AGE POPULATION BETWEEN 21 AND <23.0 YEARS
*******************************************************************************************
 
                CALCULATION OF DOSE FOR WAY  2 FOR CHEMICAL ----> Th                            
 
                Exposure duration assessment =                     Chronic   
 
    NON-CARCINOGENIC DOSE 2
 
      LOCAL             1            2
 
Value  AGE    21   .00000E+00   .00000E+00
Unce.              .00000E+00   .00000E+00
Value  AGE    22   .00000E+00   .00000E+00
Unce.              .00000E+00   .00000E+00
 
    HQ 2
 
Value  AGE    21   .00000E+00   .00000E+00
Unce.              .00000E+00   .00000E+00
Value  AGE    22   .00000E+00   .00000E+00
Unce.              .00000E+00   .00000E+00
 
    CARCINOGENIC DOSE 2
 
Value  AGE    21   .00000E+00   .00000E+00
Unce.              .00000E+00   .00000E+00
Value  AGE    22   .00000E+00   .00000E+00
Unce.              .00000E+00   .00000E+00
 
    CR 2
 
Value  AGE    21   .00000E+00   .00000E+00
Unce.              .00000E+00   .00000E+00
Value  AGE    22   .00000E+00   .00000E+00
Unce.              .00000E+00   .00000E+00
 
_________________________________________________________
  PARAMETERS            VALEUS             UNCERTAINTIES
_________________________________________________________
     ED              .200000E+01           .000000E+00
     FI              .100000E+01           .120000E+00
     Kd              .900000E+03           .900000E+02
BTF(Soil-Fruit)      .900000E-02           .900000E-03
  AT(CARC.)          .214700E+05           .000000E+00
Oral mutagenicity         F
KEYCONC(water)            F
KEYCONC(Fruit)            F
- - - - - - - - - - - - - - - - - - - - - - - - - - - - -
     BAF             .110000E+00           .400000E-01
     RfD             .360000E-02           .360000E-03
     SF              .850000E-02           .850000E-03
_________________________________________________________
------------------------------------------------------------------------------------------
 
                CALCULATION OF DOSE FOR WAY  2 FOR CHEMICAL ----> Pb                            
 
                Exposure duration assessment =                     Chronic   
 
    NON-CARCINOGENIC DOSE 2
 
      LOCAL             1            2
 
Value  AGE    21   .33658E-03   .67315E-03
Unce.              .86795E-04   .19232E-03
Value  AGE    22   .42072E-03   .50486E-03
Unce.              .11275E-03   .13910E-03
 
    HQ 2
 
Value  AGE    21   .10284E-01   .20568E-01
Unce.              .46986E-02   .97317E-02
Value  AGE    22   .12855E-01   .15426E-01
Unce.              .59477E-02   .72050E-02
 
    CARCINOGENIC DOSE 2
 
Value  AGE    21   .57219E-05   .11444E-04
Unce.              .14755E-05   .32695E-05
Value  AGE    22   .71524E-05   .85829E-05
Unce.              .19168E-05   .23648E-05
 
    CR 2
 
Value  AGE    21   .53500E-08   .10700E-07
Unce.              .24443E-08   .50626E-08
Value  AGE    22   .66875E-08   .80250E-08
Unce.              .30941E-08   .37481E-08
 
_________________________________________________________
  PARAMETERS            VALEUS             UNCERTAINTIES
_________________________________________________________
     ED              .200000E+01           .000000E+00
     FI              .100000E+01           .120000E+00
     Kd              .900000E+03           .900000E+02
BTF(Soil-Fruit)      .900000E-02           .900000E-03
  AT(CARC.)          .214700E+05           .000000E+00
Oral mutagenicity         F
KEYCONC(water)            F
KEYCONC(Fruit)            F
- - - - - - - - - - - - - - - - - - - - - - - - - - - - -
     BAF             .110000E+00           .400000E-01
     RfD             .360000E-02           .360000E-03
     SF              .850000E-02           .850000E-03
_________________________________________________________
------------------------------------------------------------------------------------------
*******************************************************************************************
*******************************************************************************************
 
 
*******************************************************************************************
                RISK ASSESSMENT FOR ADULTS AGED 65 YEARS OR OLDER 
*******************************************************************************************
 
                CALCULATION OF DOSE FOR WAY  2 FOR CHEMICAL ----> Th                            
 
                Exposure duration assessment =                     Chronic   
 
    NON-CARCINOGENIC DOSE 2
 
      LOCAL             1            2
 
Value  AGE    65   .00000E+00   .00000E+00
Unce.              .00000E+00   .00000E+00
Value  AGE    66   .00000E+00   .00000E+00
Unce.              .00000E+00   .00000E+00
 
    HQ 2
 
Value  AGE    65   .00000E+00   .00000E+00
Unce.              .00000E+00   .00000E+00
Value  AGE    66   .00000E+00   .00000E+00
Unce.              .00000E+00   .00000E+00
 
    CARCINOGENIC DOSE 2
 
Value  AGE    65   .00000E+00   .00000E+00
Unce.              .00000E+00   .00000E+00
Value  AGE    66   .00000E+00   .00000E+00
Unce.              .00000E+00   .00000E+00
 
    CR 2
 
Value  AGE    65   .00000E+00   .00000E+00
Unce.              .00000E+00   .00000E+00
Value  AGE    66   .00000E+00   .00000E+00
Unce.              .00000E+00   .00000E+00
 
_________________________________________________________
  PARAMETERS            VALEUS             UNCERTAINTIES
_________________________________________________________
     ED              .200000E+01           .000000E+00
     FI              .100000E+01           .120000E+00
     Kd              .900000E+03           .900000E+02
BTF(Soil-Fruit)      .900000E-02           .900000E-03
  AT(CARC.)          .204700E+05           .000000E+00
Oral mutagenicity         F
KEYCONC(water)            F
KEYCONC(Fruit)            F
- - - - - - - - - - - - - - - - - - - - - - - - - - - - -
     BAF             .110000E+00           .400000E-01
     RfD             .360000E-02           .360000E-03
     SF              .850000E-02           .850000E-03
_________________________________________________________
------------------------------------------------------------------------------------------
 
                CALCULATION OF DOSE FOR WAY  2 FOR CHEMICAL ----> Pb                            
 
                Exposure duration assessment =                     Chronic   
 
    NON-CARCINOGENIC DOSE 2
 
      LOCAL             1            2
 
Value  AGE    65   .54370E-03   .10874E-02
Unce.              .14021E-03   .31067E-03
Value  AGE    66   .67962E-03   .81555E-03
Unce.              .18214E-03   .22470E-03
 
    HQ 2
 
Value  AGE    65   .16613E-01   .33226E-01
Unce.              .75900E-02   .15720E-01
Value  AGE    66   .20766E-01   .24920E-01
Unce.              .96077E-02   .11639E-01
 
    CARCINOGENIC DOSE 2
 
Value  AGE    65   .96947E-05   .19389E-04
Unce.              .25000E-05   .55396E-05
Value  AGE    66   .12118E-04   .14542E-04
Unce.              .32477E-05   .40066E-05
 
    CR 2
 
Value  AGE    65   .90645E-08   .18129E-07
Unce.              .41413E-08   .85775E-08
Value  AGE    66   .11331E-07   .13597E-07
Unce.              .52423E-08   .63505E-08
 
_________________________________________________________
  PARAMETERS            VALEUS             UNCERTAINTIES
_________________________________________________________
     ED              .200000E+01           .000000E+00
     FI              .100000E+01           .120000E+00
     Kd              .900000E+03           .900000E+02
BTF(Soil-Fruit)      .900000E-02           .900000E-03
  AT(CARC.)          .204700E+05           .000000E+00
Oral mutagenicity         F
KEYCONC(water)            F
KEYCONC(Fruit)            F
- - - - - - - - - - - - - - - - - - - - - - - - - - - - -
     BAF             .110000E+00           .400000E-01
