********************************************************************************************************************************************
                                              OUTPUT RESULTS - ECOLOGICAL RISK BY CHEMICAL SPECIES
********************************************************************************************************************************************
 
                                              THE CODE RUN WITH THE SCENARY =   1   AGRICULTURAL
 
                                              WATER REFERENCE VALUE USED    ---> NATIONAL 
 
                                              SOIL REFERENCE VALUE USED     ---> U.S.EPA          
 
                                              SEDIMENT REFERENCE VALUE USED ---> REGIONAL 
 
 CHEMICAL = Th                            
_____________________________________________________________________________________________________________________________________________________
                   | WATER COMPARTMENT |                    SOIL COMPARTMENT                  |                  SEDIMENT COMPARTMENT                | 
   LOCAL    TIME   |      CFwater      |    CFsoil         Igeo         EF-           PI      |     CFsed         Igeo         EF-           PI      | 
___________________|___________________|______________________________________________________|______________________________________________________| 
     1      All         .00000E+00        .00000E+00    .00000E+00   .00000E+00   .00000E+00     .00000E+00    .00000E+00   .00000E+00   .00000E+00
     2      All         .00000E+00        .00000E+00    .00000E+00   .00000E+00   .00000E+00     .00000E+00    .00000E+00   .00000E+00   .00000E+00
_____________________________________________________________________________________________________________________________________________________
 Reference values:      .00000E+00        .00000E+00    .00000E+00                               .00000E+00    .00000E+00
 
 
 
 CHEMICAL = Pb                            
_____________________________________________________________________________________________________________________________________________________
                   | WATER COMPARTMENT |                    SOIL COMPARTMENT                  |                  SEDIMENT COMPARTMENT                | 
   LOCAL    TIME   |      CFwater      |    CFsoil         Igeo         EF-           PI      |     CFsed         Igeo         EF-           PI      | 
___________________|___________________|______________________________________________________|______________________________________________________| 
     1      All         .00000E+00        .00000E+00    .29714E+01   .00000E+00   .11765E+02     .00000E+00    .00000E+00   .00000E+00   .00000E+00
     2      All         .00000E+00        .00000E+00    .39714E+01   .00000E+00   .23529E+02     .00000E+00    .00000E+00   .00000E+00   .00000E+00
_____________________________________________________________________________________________________________________________________________________
 Reference values:      .10000E-01        .00000E+00    .17000E+02                               .94000E+01    .94000E+01
 
 
 
